#
# There is insufficient memory for the Java Runtime Environment to continue.
# Native memory allocation (malloc) failed to allocate 32744 bytes for ChunkPool::allocate
# Possible reasons:
#   The system is out of physical RAM or swap space
#   The process is running with CompressedOops enabled, and the Java Heap may be blocking the growth of the native heap
# Possible solutions:
#   Reduce memory load on the system
#   Increase physical memory or swap space
#   Check if swap backing store is full
#   Decrease Java heap size (-Xmx/-Xms)
#   Decrease number of Java threads
#   Decrease Java thread stack sizes (-Xss)
#   Set larger code cache with -XX:ReservedCodeCacheSize=
#   JVM is running with Unscaled Compressed Oops mode in which the Java heap is
#     placed in the first 4GB address space. The Java Heap base address is the
#     maximum limit for the native heap growth. Please use -XX:HeapBaseMinAddress
#     to set the Java Heap base and to place the Java Heap above 4GB virtual address.
# This output file may be truncated or incomplete.
#
#  Out of Memory Error (arena.cpp:78), pid=14400, tid=21980
#
# JRE version: Java(TM) SE Runtime Environment (17.0.5+9) (build 17.0.5+9-LTS-191)
# Java VM: Java HotSpot(TM) 64-Bit Server VM (17.0.5+9-LTS-191, mixed mode, tiered, compressed oops, compressed class ptrs, g1 gc, windows-amd64)
# No core dump will be written. Minidumps are not enabled by default on client versions of Windows
#

---------------  S U M M A R Y ------------

Command Line: -Dfile.encoding=UTF-8 -XX:+ShowCodeDetailsInExceptionMessages project_IHM.Passager

Host: 11th Gen Intel(R) Core(TM) i5-11320H @ 3.20GHz, 8 cores, 7G,  Windows 10 , 64 bit Build 19041 (10.0.19041.3636)
Time: Sat Dec 23 21:57:34 2023 Romance Standard Time elapsed time: 0.130373 seconds (0d 0h 0m 0s)

---------------  T H R E A D  ---------------

Current thread (0x000001cea500f060):  JavaThread "C1 CompilerThread0" daemon [_thread_in_native, id=21980, stack(0x00000089adc00000,0x00000089add00000)]


Current CompileTask:
C1:    130  199       3       jdk.internal.org.objectweb.asm.Frame::execute (2305 bytes)

Stack: [0x00000089adc00000,0x00000089add00000]
Native frames: (J=compiled Java code, j=interpreted, Vv=VM code, C=native code)
V  [jvm.dll+0x672eea]
V  [jvm.dll+0x7d2a04]
V  [jvm.dll+0x7d41ae]
V  [jvm.dll+0x7d4813]
V  [jvm.dll+0x242c15]
V  [jvm.dll+0xaa7c0]
V  [jvm.dll+0xaab0c]
V  [jvm.dll+0x24548c]
V  [jvm.dll+0x2456bc]
V  [jvm.dll+0x245129]
V  [jvm.dll+0x14846a]
V  [jvm.dll+0x1483f5]
V  [jvm.dll+0x14e3f7]
V  [jvm.dll+0x14e815]
V  [jvm.dll+0x14ea97]
V  [jvm.dll+0x14e8ce]
V  [jvm.dll+0x132779]
V  [jvm.dll+0x1322da]
V  [jvm.dll+0x1324c6]
V  [jvm.dll+0x13195a]
V  [jvm.dll+0x133621]
V  [jvm.dll+0x22493a]
V  [jvm.dll+0x222aa5]
V  [jvm.dll+0x7885db]
V  [jvm.dll+0x782b4a]
V  [jvm.dll+0x671d75]
C  [ucrtbase.dll+0x21bb2]
C  [KERNEL32.DLL+0x17344]
C  [ntdll.dll+0x526b1]


---------------  P R O C E S S  ---------------

Threads class SMR info:
_java_thread_list=0x000001cea519b270, length=12, elements={
0x000001ce8657dc30, 0x000001cea4517ed0, 0x000001cea450fe30, 0x000001cea455a050,
0x000001cea455a910, 0x000001cea455d1e0, 0x000001cea455daa0, 0x000001cea502ded0,
0x000001cea500f060, 0x000001cea5011970, 0x000001cea51bd980, 0x000001cea51d7310
}

Java Threads: ( => current thread )
  0x000001ce8657dc30 JavaThread "main" [_thread_in_vm, id=22864, stack(0x00000089ace00000,0x00000089acf00000)]
  0x000001cea4517ed0 JavaThread "Reference Handler" daemon [_thread_blocked, id=11488, stack(0x00000089ad500000,0x00000089ad600000)]
  0x000001cea450fe30 JavaThread "Finalizer" daemon [_thread_blocked, id=25356, stack(0x00000089ad600000,0x00000089ad700000)]
  0x000001cea455a050 JavaThread "Signal Dispatcher" daemon [_thread_blocked, id=24856, stack(0x00000089ad700000,0x00000089ad800000)]
  0x000001cea455a910 JavaThread "Attach Listener" daemon [_thread_blocked, id=28748, stack(0x00000089ad800000,0x00000089ad900000)]
  0x000001cea455d1e0 JavaThread "Service Thread" daemon [_thread_blocked, id=27340, stack(0x00000089ad900000,0x00000089ada00000)]
  0x000001cea455daa0 JavaThread "Monitor Deflation Thread" daemon [_thread_blocked, id=13160, stack(0x00000089ada00000,0x00000089adb00000)]
  0x000001cea502ded0 JavaThread "C2 CompilerThread0" daemon [_thread_blocked, id=13936, stack(0x00000089adb00000,0x00000089adc00000)]
=>0x000001cea500f060 JavaThread "C1 CompilerThread0" daemon [_thread_in_native, id=21980, stack(0x00000089adc00000,0x00000089add00000)]
  0x000001cea5011970 JavaThread "Sweeper thread" daemon [_thread_blocked, id=11668, stack(0x00000089add00000,0x00000089ade00000)]
  0x000001cea51bd980 JavaThread "Notification Thread" daemon [_thread_blocked, id=28312, stack(0x00000089ade00000,0x00000089adf00000)]
  0x000001cea51d7310 JavaThread "Common-Cleaner" daemon [_thread_blocked, id=15260, stack(0x00000089ae000000,0x00000089ae100000)]

Other Threads:
  0x000001cea452dec0 VMThread "VM Thread" [stack: 0x00000089ad400000,0x00000089ad500000] [id=29056]
  0x000001cea51ceec0 WatcherThread [stack: 0x00000089adf00000,0x00000089ae000000] [id=23272]
  0x000001ce865d8040 GCTaskThread "GC Thread#0" [stack: 0x00000089acf00000,0x00000089ad000000] [id=30296]
  0x000001ce865e96a0 ConcurrentGCThread "G1 Main Marker" [stack: 0x00000089ad000000,0x00000089ad100000] [id=27972]
  0x000001ce865ea760 ConcurrentGCThread "G1 Conc#0" [stack: 0x00000089ad100000,0x00000089ad200000] [id=24668]
  0x000001ce86658bc0 ConcurrentGCThread "G1 Refine#0" [stack: 0x00000089ad200000,0x00000089ad300000] [id=30020]
  0x000001ce866593f0 ConcurrentGCThread "G1 Service" [stack: 0x00000089ad300000,0x00000089ad400000] [id=24152]

Threads with active compile tasks:
C1 CompilerThread0      139  199       3       jdk.internal.org.objectweb.asm.Frame::execute (2305 bytes)

VM state: not at safepoint (normal execution)

VM Mutex/Monitor currently owned by a thread: None

Heap address: 0x0000000084000000, size: 1984 MB, Compressed Oops mode: 32-bit

CDS archive(s) not mapped
Compressed class space mapped at: 0x0000000100000000-0x0000000140000000, reserved size: 1073741824
Narrow klass base: 0x0000000000000000, Narrow klass shift: 3, Narrow klass range: 0x140000000

GC Precious Log:
 CPUs: 8 total, 8 available
 Memory: 7930M
 Large Page Support: Disabled
 NUMA Support: Disabled
 Compressed Oops: Enabled (32-bit)
 Heap Region Size: 1M
 Heap Min Capacity: 8M
 Heap Initial Capacity: 124M
 Heap Max Capacity: 1984M
 Pre-touch: Disabled
 Parallel Workers: 8
 Concurrent Workers: 2
 Concurrent Refinement Workers: 8
 Periodic GC: Disabled

Heap:
 garbage-first heap   total 126976K, used 1024K [0x0000000084000000, 0x0000000100000000)
  region size 1024K, 2 young (2048K), 0 survivors (0K)
 Metaspace       used 6971K, committed 7168K, reserved 1056768K
  class space    used 596K, committed 704K, reserved 1048576K

Heap Regions: E=young(eden), S=young(survivor), O=old, HS=humongous(starts), HC=humongous(continues), CS=collection set, F=free, OA=open archive, CA=closed archive, TAMS=top-at-mark-start (previous, next)
|   0|0x0000000084000000, 0x0000000084000000, 0x0000000084100000|  0%| F|  |TAMS 0x0000000084000000, 0x0000000084000000| Untracked 
|   1|0x0000000084100000, 0x0000000084100000, 0x0000000084200000|  0%| F|  |TAMS 0x0000000084100000, 0x0000000084100000| Untracked 
|   2|0x0000000084200000, 0x0000000084200000, 0x0000000084300000|  0%| F|  |TAMS 0x0000000084200000, 0x0000000084200000| Untracked 
|   3|0x0000000084300000, 0x0000000084300000, 0x0000000084400000|  0%| F|  |TAMS 0x0000000084300000, 0x0000000084300000| Untracked 
|   4|0x0000000084400000, 0x0000000084400000, 0x0000000084500000|  0%| F|  |TAMS 0x0000000084400000, 0x0000000084400000| Untracked 
|   5|0x0000000084500000, 0x0000000084500000, 0x0000000084600000|  0%| F|  |TAMS 0x0000000084500000, 0x0000000084500000| Untracked 
|   6|0x0000000084600000, 0x0000000084600000, 0x0000000084700000|  0%| F|  |TAMS 0x0000000084600000, 0x0000000084600000| Untracked 
|   7|0x0000000084700000, 0x0000000084700000, 0x0000000084800000|  0%| F|  |TAMS 0x0000000084700000, 0x0000000084700000| Untracked 
|   8|0x0000000084800000, 0x0000000084800000, 0x0000000084900000|  0%| F|  |TAMS 0x0000000084800000, 0x0000000084800000| Untracked 
|   9|0x0000000084900000, 0x0000000084900000, 0x0000000084a00000|  0%| F|  |TAMS 0x0000000084900000, 0x0000000084900000| Untracked 
|  10|0x0000000084a00000, 0x0000000084a00000, 0x0000000084b00000|  0%| F|  |TAMS 0x0000000084a00000, 0x0000000084a00000| Untracked 
|  11|0x0000000084b00000, 0x0000000084b00000, 0x0000000084c00000|  0%| F|  |TAMS 0x0000000084b00000, 0x0000000084b00000| Untracked 
|  12|0x0000000084c00000, 0x0000000084c00000, 0x0000000084d00000|  0%| F|  |TAMS 0x0000000084c00000, 0x0000000084c00000| Untracked 
|  13|0x0000000084d00000, 0x0000000084d00000, 0x0000000084e00000|  0%| F|  |TAMS 0x0000000084d00000, 0x0000000084d00000| Untracked 
|  14|0x0000000084e00000, 0x0000000084e00000, 0x0000000084f00000|  0%| F|  |TAMS 0x0000000084e00000, 0x0000000084e00000| Untracked 
|  15|0x0000000084f00000, 0x0000000084f00000, 0x0000000085000000|  0%| F|  |TAMS 0x0000000084f00000, 0x0000000084f00000| Untracked 
|  16|0x0000000085000000, 0x0000000085000000, 0x0000000085100000|  0%| F|  |TAMS 0x0000000085000000, 0x0000000085000000| Untracked 
|  17|0x0000000085100000, 0x0000000085100000, 0x0000000085200000|  0%| F|  |TAMS 0x0000000085100000, 0x0000000085100000| Untracked 
|  18|0x0000000085200000, 0x0000000085200000, 0x0000000085300000|  0%| F|  |TAMS 0x0000000085200000, 0x0000000085200000| Untracked 
|  19|0x0000000085300000, 0x0000000085300000, 0x0000000085400000|  0%| F|  |TAMS 0x0000000085300000, 0x0000000085300000| Untracked 
|  20|0x0000000085400000, 0x0000000085400000, 0x0000000085500000|  0%| F|  |TAMS 0x0000000085400000, 0x0000000085400000| Untracked 
|  21|0x0000000085500000, 0x0000000085500000, 0x0000000085600000|  0%| F|  |TAMS 0x0000000085500000, 0x0000000085500000| Untracked 
|  22|0x0000000085600000, 0x0000000085600000, 0x0000000085700000|  0%| F|  |TAMS 0x0000000085600000, 0x0000000085600000| Untracked 
|  23|0x0000000085700000, 0x0000000085700000, 0x0000000085800000|  0%| F|  |TAMS 0x0000000085700000, 0x0000000085700000| Untracked 
|  24|0x0000000085800000, 0x0000000085800000, 0x0000000085900000|  0%| F|  |TAMS 0x0000000085800000, 0x0000000085800000| Untracked 
|  25|0x0000000085900000, 0x0000000085900000, 0x0000000085a00000|  0%| F|  |TAMS 0x0000000085900000, 0x0000000085900000| Untracked 
|  26|0x0000000085a00000, 0x0000000085a00000, 0x0000000085b00000|  0%| F|  |TAMS 0x0000000085a00000, 0x0000000085a00000| Untracked 
|  27|0x0000000085b00000, 0x0000000085b00000, 0x0000000085c00000|  0%| F|  |TAMS 0x0000000085b00000, 0x0000000085b00000| Untracked 
|  28|0x0000000085c00000, 0x0000000085c00000, 0x0000000085d00000|  0%| F|  |TAMS 0x0000000085c00000, 0x0000000085c00000| Untracked 
|  29|0x0000000085d00000, 0x0000000085d00000, 0x0000000085e00000|  0%| F|  |TAMS 0x0000000085d00000, 0x0000000085d00000| Untracked 
|  30|0x0000000085e00000, 0x0000000085e00000, 0x0000000085f00000|  0%| F|  |TAMS 0x0000000085e00000, 0x0000000085e00000| Untracked 
|  31|0x0000000085f00000, 0x0000000085f00000, 0x0000000086000000|  0%| F|  |TAMS 0x0000000085f00000, 0x0000000085f00000| Untracked 
|  32|0x0000000086000000, 0x0000000086000000, 0x0000000086100000|  0%| F|  |TAMS 0x0000000086000000, 0x0000000086000000| Untracked 
|  33|0x0000000086100000, 0x0000000086100000, 0x0000000086200000|  0%| F|  |TAMS 0x0000000086100000, 0x0000000086100000| Untracked 
|  34|0x0000000086200000, 0x0000000086200000, 0x0000000086300000|  0%| F|  |TAMS 0x0000000086200000, 0x0000000086200000| Untracked 
|  35|0x0000000086300000, 0x0000000086300000, 0x0000000086400000|  0%| F|  |TAMS 0x0000000086300000, 0x0000000086300000| Untracked 
|  36|0x0000000086400000, 0x0000000086400000, 0x0000000086500000|  0%| F|  |TAMS 0x0000000086400000, 0x0000000086400000| Untracked 
|  37|0x0000000086500000, 0x0000000086500000, 0x0000000086600000|  0%| F|  |TAMS 0x0000000086500000, 0x0000000086500000| Untracked 
|  38|0x0000000086600000, 0x0000000086600000, 0x0000000086700000|  0%| F|  |TAMS 0x0000000086600000, 0x0000000086600000| Untracked 
|  39|0x0000000086700000, 0x0000000086700000, 0x0000000086800000|  0%| F|  |TAMS 0x0000000086700000, 0x0000000086700000| Untracked 
|  40|0x0000000086800000, 0x0000000086800000, 0x0000000086900000|  0%| F|  |TAMS 0x0000000086800000, 0x0000000086800000| Untracked 
|  41|0x0000000086900000, 0x0000000086900000, 0x0000000086a00000|  0%| F|  |TAMS 0x0000000086900000, 0x0000000086900000| Untracked 
|  42|0x0000000086a00000, 0x0000000086a00000, 0x0000000086b00000|  0%| F|  |TAMS 0x0000000086a00000, 0x0000000086a00000| Untracked 
|  43|0x0000000086b00000, 0x0000000086b00000, 0x0000000086c00000|  0%| F|  |TAMS 0x0000000086b00000, 0x0000000086b00000| Untracked 
|  44|0x0000000086c00000, 0x0000000086c00000, 0x0000000086d00000|  0%| F|  |TAMS 0x0000000086c00000, 0x0000000086c00000| Untracked 
|  45|0x0000000086d00000, 0x0000000086d00000, 0x0000000086e00000|  0%| F|  |TAMS 0x0000000086d00000, 0x0000000086d00000| Untracked 
|  46|0x0000000086e00000, 0x0000000086e00000, 0x0000000086f00000|  0%| F|  |TAMS 0x0000000086e00000, 0x0000000086e00000| Untracked 
|  47|0x0000000086f00000, 0x0000000086f00000, 0x0000000087000000|  0%| F|  |TAMS 0x0000000086f00000, 0x0000000086f00000| Untracked 
|  48|0x0000000087000000, 0x0000000087000000, 0x0000000087100000|  0%| F|  |TAMS 0x0000000087000000, 0x0000000087000000| Untracked 
|  49|0x0000000087100000, 0x0000000087100000, 0x0000000087200000|  0%| F|  |TAMS 0x0000000087100000, 0x0000000087100000| Untracked 
|  50|0x0000000087200000, 0x0000000087200000, 0x0000000087300000|  0%| F|  |TAMS 0x0000000087200000, 0x0000000087200000| Untracked 
|  51|0x0000000087300000, 0x0000000087300000, 0x0000000087400000|  0%| F|  |TAMS 0x0000000087300000, 0x0000000087300000| Untracked 
|  52|0x0000000087400000, 0x0000000087400000, 0x0000000087500000|  0%| F|  |TAMS 0x0000000087400000, 0x0000000087400000| Untracked 
|  53|0x0000000087500000, 0x0000000087500000, 0x0000000087600000|  0%| F|  |TAMS 0x0000000087500000, 0x0000000087500000| Untracked 
|  54|0x0000000087600000, 0x0000000087600000, 0x0000000087700000|  0%| F|  |TAMS 0x0000000087600000, 0x0000000087600000| Untracked 
|  55|0x0000000087700000, 0x0000000087700000, 0x0000000087800000|  0%| F|  |TAMS 0x0000000087700000, 0x0000000087700000| Untracked 
|  56|0x0000000087800000, 0x0000000087800000, 0x0000000087900000|  0%| F|  |TAMS 0x0000000087800000, 0x0000000087800000| Untracked 
|  57|0x0000000087900000, 0x0000000087900000, 0x0000000087a00000|  0%| F|  |TAMS 0x0000000087900000, 0x0000000087900000| Untracked 
|  58|0x0000000087a00000, 0x0000000087a00000, 0x0000000087b00000|  0%| F|  |TAMS 0x0000000087a00000, 0x0000000087a00000| Untracked 
|  59|0x0000000087b00000, 0x0000000087b00000, 0x0000000087c00000|  0%| F|  |TAMS 0x0000000087b00000, 0x0000000087b00000| Untracked 
|  60|0x0000000087c00000, 0x0000000087c00000, 0x0000000087d00000|  0%| F|  |TAMS 0x0000000087c00000, 0x0000000087c00000| Untracked 
|  61|0x0000000087d00000, 0x0000000087d00000, 0x0000000087e00000|  0%| F|  |TAMS 0x0000000087d00000, 0x0000000087d00000| Untracked 
|  62|0x0000000087e00000, 0x0000000087e00000, 0x0000000087f00000|  0%| F|  |TAMS 0x0000000087e00000, 0x0000000087e00000| Untracked 
|  63|0x0000000087f00000, 0x0000000087f00000, 0x0000000088000000|  0%| F|  |TAMS 0x0000000087f00000, 0x0000000087f00000| Untracked 
|  64|0x0000000088000000, 0x0000000088000000, 0x0000000088100000|  0%| F|  |TAMS 0x0000000088000000, 0x0000000088000000| Untracked 
|  65|0x0000000088100000, 0x0000000088100000, 0x0000000088200000|  0%| F|  |TAMS 0x0000000088100000, 0x0000000088100000| Untracked 
|  66|0x0000000088200000, 0x0000000088200000, 0x0000000088300000|  0%| F|  |TAMS 0x0000000088200000, 0x0000000088200000| Untracked 
|  67|0x0000000088300000, 0x0000000088300000, 0x0000000088400000|  0%| F|  |TAMS 0x0000000088300000, 0x0000000088300000| Untracked 
|  68|0x0000000088400000, 0x0000000088400000, 0x0000000088500000|  0%| F|  |TAMS 0x0000000088400000, 0x0000000088400000| Untracked 
|  69|0x0000000088500000, 0x0000000088500000, 0x0000000088600000|  0%| F|  |TAMS 0x0000000088500000, 0x0000000088500000| Untracked 
|  70|0x0000000088600000, 0x0000000088600000, 0x0000000088700000|  0%| F|  |TAMS 0x0000000088600000, 0x0000000088600000| Untracked 
|  71|0x0000000088700000, 0x0000000088700000, 0x0000000088800000|  0%| F|  |TAMS 0x0000000088700000, 0x0000000088700000| Untracked 
|  72|0x0000000088800000, 0x0000000088800000, 0x0000000088900000|  0%| F|  |TAMS 0x0000000088800000, 0x0000000088800000| Untracked 
|  73|0x0000000088900000, 0x0000000088900000, 0x0000000088a00000|  0%| F|  |TAMS 0x0000000088900000, 0x0000000088900000| Untracked 
|  74|0x0000000088a00000, 0x0000000088a00000, 0x0000000088b00000|  0%| F|  |TAMS 0x0000000088a00000, 0x0000000088a00000| Untracked 
|  75|0x0000000088b00000, 0x0000000088b00000, 0x0000000088c00000|  0%| F|  |TAMS 0x0000000088b00000, 0x0000000088b00000| Untracked 
|  76|0x0000000088c00000, 0x0000000088c00000, 0x0000000088d00000|  0%| F|  |TAMS 0x0000000088c00000, 0x0000000088c00000| Untracked 
|  77|0x0000000088d00000, 0x0000000088d00000, 0x0000000088e00000|  0%| F|  |TAMS 0x0000000088d00000, 0x0000000088d00000| Untracked 
|  78|0x0000000088e00000, 0x0000000088e00000, 0x0000000088f00000|  0%| F|  |TAMS 0x0000000088e00000, 0x0000000088e00000| Untracked 
|  79|0x0000000088f00000, 0x0000000088f00000, 0x0000000089000000|  0%| F|  |TAMS 0x0000000088f00000, 0x0000000088f00000| Untracked 
|  80|0x0000000089000000, 0x0000000089000000, 0x0000000089100000|  0%| F|  |TAMS 0x0000000089000000, 0x0000000089000000| Untracked 
|  81|0x0000000089100000, 0x0000000089100000, 0x0000000089200000|  0%| F|  |TAMS 0x0000000089100000, 0x0000000089100000| Untracked 
|  82|0x0000000089200000, 0x0000000089200000, 0x0000000089300000|  0%| F|  |TAMS 0x0000000089200000, 0x0000000089200000| Untracked 
|  83|0x0000000089300000, 0x0000000089300000, 0x0000000089400000|  0%| F|  |TAMS 0x0000000089300000, 0x0000000089300000| Untracked 
|  84|0x0000000089400000, 0x0000000089400000, 0x0000000089500000|  0%| F|  |TAMS 0x0000000089400000, 0x0000000089400000| Untracked 
|  85|0x0000000089500000, 0x0000000089500000, 0x0000000089600000|  0%| F|  |TAMS 0x0000000089500000, 0x0000000089500000| Untracked 
|  86|0x0000000089600000, 0x0000000089600000, 0x0000000089700000|  0%| F|  |TAMS 0x0000000089600000, 0x0000000089600000| Untracked 
|  87|0x0000000089700000, 0x0000000089700000, 0x0000000089800000|  0%| F|  |TAMS 0x0000000089700000, 0x0000000089700000| Untracked 
|  88|0x0000000089800000, 0x0000000089800000, 0x0000000089900000|  0%| F|  |TAMS 0x0000000089800000, 0x0000000089800000| Untracked 
|  89|0x0000000089900000, 0x0000000089900000, 0x0000000089a00000|  0%| F|  |TAMS 0x0000000089900000, 0x0000000089900000| Untracked 
|  90|0x0000000089a00000, 0x0000000089a00000, 0x0000000089b00000|  0%| F|  |TAMS 0x0000000089a00000, 0x0000000089a00000| Untracked 
|  91|0x0000000089b00000, 0x0000000089b00000, 0x0000000089c00000|  0%| F|  |TAMS 0x0000000089b00000, 0x0000000089b00000| Untracked 
|  92|0x0000000089c00000, 0x0000000089c00000, 0x0000000089d00000|  0%| F|  |TAMS 0x0000000089c00000, 0x0000000089c00000| Untracked 
|  93|0x0000000089d00000, 0x0000000089d00000, 0x0000000089e00000|  0%| F|  |TAMS 0x0000000089d00000, 0x0000000089d00000| Untracked 
|  94|0x0000000089e00000, 0x0000000089e00000, 0x0000000089f00000|  0%| F|  |TAMS 0x0000000089e00000, 0x0000000089e00000| Untracked 
|  95|0x0000000089f00000, 0x0000000089f00000, 0x000000008a000000|  0%| F|  |TAMS 0x0000000089f00000, 0x0000000089f00000| Untracked 
|  96|0x000000008a000000, 0x000000008a000000, 0x000000008a100000|  0%| F|  |TAMS 0x000000008a000000, 0x000000008a000000| Untracked 
|  97|0x000000008a100000, 0x000000008a100000, 0x000000008a200000|  0%| F|  |TAMS 0x000000008a100000, 0x000000008a100000| Untracked 
|  98|0x000000008a200000, 0x000000008a200000, 0x000000008a300000|  0%| F|  |TAMS 0x000000008a200000, 0x000000008a200000| Untracked 
|  99|0x000000008a300000, 0x000000008a300000, 0x000000008a400000|  0%| F|  |TAMS 0x000000008a300000, 0x000000008a300000| Untracked 
| 100|0x000000008a400000, 0x000000008a400000, 0x000000008a500000|  0%| F|  |TAMS 0x000000008a400000, 0x000000008a400000| Untracked 
| 101|0x000000008a500000, 0x000000008a500000, 0x000000008a600000|  0%| F|  |TAMS 0x000000008a500000, 0x000000008a500000| Untracked 
| 102|0x000000008a600000, 0x000000008a600000, 0x000000008a700000|  0%| F|  |TAMS 0x000000008a600000, 0x000000008a600000| Untracked 
| 103|0x000000008a700000, 0x000000008a700000, 0x000000008a800000|  0%| F|  |TAMS 0x000000008a700000, 0x000000008a700000| Untracked 
| 104|0x000000008a800000, 0x000000008a800000, 0x000000008a900000|  0%| F|  |TAMS 0x000000008a800000, 0x000000008a800000| Untracked 
| 105|0x000000008a900000, 0x000000008a900000, 0x000000008aa00000|  0%| F|  |TAMS 0x000000008a900000, 0x000000008a900000| Untracked 
| 106|0x000000008aa00000, 0x000000008aa00000, 0x000000008ab00000|  0%| F|  |TAMS 0x000000008aa00000, 0x000000008aa00000| Untracked 
| 107|0x000000008ab00000, 0x000000008ab00000, 0x000000008ac00000|  0%| F|  |TAMS 0x000000008ab00000, 0x000000008ab00000| Untracked 
| 108|0x000000008ac00000, 0x000000008ac00000, 0x000000008ad00000|  0%| F|  |TAMS 0x000000008ac00000, 0x000000008ac00000| Untracked 
| 109|0x000000008ad00000, 0x000000008ad00000, 0x000000008ae00000|  0%| F|  |TAMS 0x000000008ad00000, 0x000000008ad00000| Untracked 
| 110|0x000000008ae00000, 0x000000008ae00000, 0x000000008af00000|  0%| F|  |TAMS 0x000000008ae00000, 0x000000008ae00000| Untracked 
| 111|0x000000008af00000, 0x000000008af00000, 0x000000008b000000|  0%| F|  |TAMS 0x000000008af00000, 0x000000008af00000| Untracked 
| 112|0x000000008b000000, 0x000000008b000000, 0x000000008b100000|  0%| F|  |TAMS 0x000000008b000000, 0x000000008b000000| Untracked 
| 113|0x000000008b100000, 0x000000008b100000, 0x000000008b200000|  0%| F|  |TAMS 0x000000008b100000, 0x000000008b100000| Untracked 
| 114|0x000000008b200000, 0x000000008b200000, 0x000000008b300000|  0%| F|  |TAMS 0x000000008b200000, 0x000000008b200000| Untracked 
| 115|0x000000008b300000, 0x000000008b300000, 0x000000008b400000|  0%| F|  |TAMS 0x000000008b300000, 0x000000008b300000| Untracked 
| 116|0x000000008b400000, 0x000000008b400000, 0x000000008b500000|  0%| F|  |TAMS 0x000000008b400000, 0x000000008b400000| Untracked 
| 117|0x000000008b500000, 0x000000008b500000, 0x000000008b600000|  0%| F|  |TAMS 0x000000008b500000, 0x000000008b500000| Untracked 
| 118|0x000000008b600000, 0x000000008b600000, 0x000000008b700000|  0%| F|  |TAMS 0x000000008b600000, 0x000000008b600000| Untracked 
| 119|0x000000008b700000, 0x000000008b700000, 0x000000008b800000|  0%| F|  |TAMS 0x000000008b700000, 0x000000008b700000| Untracked 
| 120|0x000000008b800000, 0x000000008b800000, 0x000000008b900000|  0%| F|  |TAMS 0x000000008b800000, 0x000000008b800000| Untracked 
| 121|0x000000008b900000, 0x000000008b900000, 0x000000008ba00000|  0%| F|  |TAMS 0x000000008b900000, 0x000000008b900000| Untracked 
| 122|0x000000008ba00000, 0x000000008baec290, 0x000000008bb00000| 92%| E|  |TAMS 0x000000008ba00000, 0x000000008ba00000| Complete 
| 123|0x000000008bb00000, 0x000000008bc00000, 0x000000008bc00000|100%| E|CS|TAMS 0x000000008bb00000, 0x000000008bb00000| Complete 

Card table byte_map: [0x000001ce9d510000,0x000001ce9d8f0000] _byte_map_base: 0x000001ce9d0f0000

Marking Bits (Prev, Next): (CMBitMap*) 0x000001ce865d9570, (CMBitMap*) 0x000001ce865d95b0
 Prev Bits: [0x000001ce9dcd0000, 0x000001ce9fbd0000)
 Next Bits: [0x000001ce9fbd0000, 0x000001cea1ad0000)

Polling page: 0x000001ce84560000

Metaspace:

Usage:
  Non-class:      6.41 MB used.
      Class:    611.23 KB used.
       Both:      7.01 MB used.

Virtual space:
  Non-class space:        8.00 MB reserved,       6.44 MB ( 80%) committed,  1 nodes.
      Class space:        1.00 GB reserved,     704.00 KB ( <1%) committed,  1 nodes.
             Both:        1.01 GB reserved,       7.12 MB ( <1%) committed. 

Chunk freelists:
   Non-Class:  1.01 MB
       Class:  3.23 MB
        Both:  4.25 MB

MaxMetaspaceSize: unlimited
CompressedClassSpaceSize: 1.00 GB
Initial GC threshold: 21.00 MB
Current GC threshold: 21.00 MB
CDS: off
MetaspaceReclaimPolicy: balanced
 - commit_granule_bytes: 65536.
 - commit_granule_words: 8192.
 - virtual_space_node_default_size: 1048576.
 - enlarge_chunks_in_place: 1.
 - new_chunks_are_fully_committed: 0.
 - uncommit_free_chunks: 1.
 - use_allocation_guard: 0.
 - handle_deallocations: 1.


Internal statistics:

num_allocs_failed_limit: 0.
num_arena_births: 44.
num_arena_deaths: 0.
num_vsnodes_births: 2.
num_vsnodes_deaths: 0.
num_space_committed: 115.
num_space_uncommitted: 0.
num_chunks_returned_to_freelist: 0.
num_chunks_taken_from_freelist: 61.
num_chunk_merges: 0.
num_chunk_splits: 35.
num_chunks_enlarged: 20.
num_purges: 0.
num_inconsistent_stats: 0.

CodeHeap 'non-profiled nmethods': size=120000Kb used=72Kb max_used=72Kb free=119927Kb
 bounds [0x000001ce958d0000, 0x000001ce95b40000, 0x000001ce9ce00000]
CodeHeap 'profiled nmethods': size=120000Kb used=204Kb max_used=204Kb free=119796Kb
 bounds [0x000001ce8e3a0000, 0x000001ce8e610000, 0x000001ce958d0000]
CodeHeap 'non-nmethods': size=5760Kb used=1123Kb max_used=1123Kb free=4636Kb
 bounds [0x000001ce8de00000, 0x000001ce8e070000, 0x000001ce8e3a0000]
 total_blobs=595 nmethods=204 adapters=304
 compilation: enabled
              stopped_count=0, restarted_count=0
 full_count=0

Compilation events (20 events):
Event: 0.126 Thread 0x000001cea500f060 nmethod 182 0x000001ce8e3cf410 code [0x000001ce8e3cf5c0, 0x000001ce8e3cf838]
Event: 0.126 Thread 0x000001cea500f060  184       3       java.util.ImmutableCollections$ListN::get (7 bytes)
Event: 0.126 Thread 0x000001cea500f060 nmethod 184 0x000001ce8e3cf910 code [0x000001ce8e3cfaa0, 0x000001ce8e3cfbd8]
Event: 0.126 Thread 0x000001cea500f060  188       3       java.lang.invoke.MethodType::checkPtypes (76 bytes)
Event: 0.126 Thread 0x000001cea500f060 nmethod 188 0x000001ce8e3cfc90 code [0x000001ce8e3cff00, 0x000001ce8e3d0848]
Event: 0.126 Thread 0x000001cea500f060  190       3       java.lang.invoke.LambdaForm::argument (27 bytes)
Event: 0.126 Thread 0x000001cea500f060 nmethod 190 0x000001ce8e3d0c10 code [0x000001ce8e3d0dc0, 0x000001ce8e3d1028]
Event: 0.126 Thread 0x000001cea500f060  189       3       java.util.Arrays::copyOf (40 bytes)
Event: 0.126 Thread 0x000001cea500f060 nmethod 189 0x000001ce8e3d1190 code [0x000001ce8e3d1380, 0x000001ce8e3d1a28]
Event: 0.126 Thread 0x000001cea500f060  183       3       java.lang.invoke.MemberName::getReferenceKind (12 bytes)
Event: 0.126 Thread 0x000001cea500f060 nmethod 183 0x000001ce8e3d1c10 code [0x000001ce8e3d1da0, 0x000001ce8e3d1eb8]
Event: 0.126 Thread 0x000001cea500f060  192       1       java.lang.invoke.LambdaForm$BasicType::basicTypeClass (5 bytes)
Event: 0.126 Thread 0x000001cea500f060 nmethod 192 0x000001ce958dff10 code [0x000001ce958e00a0, 0x000001ce958e0178]
Event: 0.126 Thread 0x000001cea500f060  187       1       java.lang.invoke.MethodTypeForm::erasedType (5 bytes)
Event: 0.126 Thread 0x000001cea500f060 nmethod 187 0x000001ce958e0210 code [0x000001ce958e03a0, 0x000001ce958e0478]
Event: 0.127 Thread 0x000001cea500f060  197       3       java.lang.invoke.LambdaForm$Name::useCount (51 bytes)
Event: 0.127 Thread 0x000001cea500f060 nmethod 197 0x000001ce8e3d1f90 code [0x000001ce8e3d2140, 0x000001ce8e3d23b8]
Event: 0.127 Thread 0x000001cea500f060  200       3       jdk.internal.org.objectweb.asm.SymbolTable::addConstantUtf8 (98 bytes)
Event: 0.127 Thread 0x000001cea500f060 nmethod 200 0x000001ce8e3d2490 code [0x000001ce8e3d26c0, 0x000001ce8e3d2c98]
Event: 0.127 Thread 0x000001cea500f060  199       3       jdk.internal.org.objectweb.asm.Frame::execute (2305 bytes)

GC Heap History (0 events):
No events

Deoptimization events (0 events):
No events

Classes unloaded (0 events):
No events

Classes redefined (0 events):
No events

Internal exceptions (2 events):
Event: 0.109 Thread 0x000001ce8657dc30 Exception <a 'java/lang/ClassNotFoundException'{0x000000008ba43ba0}: sun/awt/resources/spi/awtProvider> (0x000000008ba43ba0) 
thrown [s\open\src\hotspot\share\classfile\systemDictionary.cpp, line 256]
Event: 0.128 Thread 0x000001ce8657dc30 Exception <a 'java/io/FileNotFoundException'{0x000000008ba9e3e0}> (0x000000008ba9e3e0) 
thrown [s\open\src\hotspot\share\prims\jni.cpp, line 516]

VM Operations (0 events):
No events

Events (20 events):
Event: 0.126 loading class java/util/TreeMap
Event: 0.126 loading class java/util/NavigableMap
Event: 0.126 loading class java/util/SortedMap
Event: 0.126 loading class java/util/SortedMap done
Event: 0.126 loading class java/util/NavigableMap done
Event: 0.127 loading class java/util/TreeMap done
Event: 0.127 loading class java/lang/invoke/LambdaFormEditor$1
Event: 0.127 loading class java/lang/invoke/LambdaFormEditor$1 done
Event: 0.127 loading class java/util/TreeMap$Entry
Event: 0.127 loading class java/util/TreeMap$Entry done
Event: 0.127 loading class java/util/TreeMap$EntrySet
Event: 0.127 loading class java/util/TreeMap$EntrySet done
Event: 0.127 loading class java/util/TreeMap$EntryIterator
Event: 0.127 loading class java/util/TreeMap$PrivateEntryIterator
Event: 0.127 loading class java/util/TreeMap$PrivateEntryIterator done
Event: 0.127 loading class java/util/TreeMap$EntryIterator done
Event: 0.128 loading class java/io/FileNotFoundException
Event: 0.128 loading class java/io/IOException
Event: 0.128 loading class java/io/IOException done
Event: 0.128 loading class java/io/FileNotFoundException done


Dynamic libraries:
0x00007ff65e490000 - 0x00007ff65e4a0000 	C:\Program Files\Java\jdk-17.0.5\bin\javaw.exe
0x00007ffa0f310000 - 0x00007ffa0f508000 	C:\Windows\SYSTEM32\ntdll.dll
0x00007ffa0d750000 - 0x00007ffa0d80d000 	C:\Windows\System32\KERNEL32.DLL
0x00007ffa0d070000 - 0x00007ffa0d366000 	C:\Windows\System32\KERNELBASE.dll
0x00007ffa0ce10000 - 0x00007ffa0cf10000 	C:\Windows\System32\ucrtbase.dll
0x00007ff9d1b80000 - 0x00007ff9d1b9a000 	C:\Program Files\Java\jdk-17.0.5\bin\VCRUNTIME140.dll
0x00007ff9d08a0000 - 0x00007ff9d08b8000 	C:\Program Files\Java\jdk-17.0.5\bin\jli.dll
0x00007ffa0ddf0000 - 0x00007ffa0de9f000 	C:\Windows\System32\ADVAPI32.dll
0x00007ffa0ee10000 - 0x00007ffa0eeae000 	C:\Windows\System32\msvcrt.dll
0x00007ffa0d5a0000 - 0x00007ffa0d63c000 	C:\Windows\System32\sechost.dll
0x00007ffa0f070000 - 0x00007ffa0f196000 	C:\Windows\System32\RPCRT4.dll
0x00007ffa0ebd0000 - 0x00007ffa0ed6e000 	C:\Windows\System32\USER32.dll
0x00007ffa0c9f0000 - 0x00007ffa0ca12000 	C:\Windows\System32\win32u.dll
0x00007ff9ffae0000 - 0x00007ff9ffd7a000 	C:\Windows\WinSxS\amd64_microsoft.windows.common-controls_6595b64144ccf1df_6.0.19041.3636_none_60b6a03d71f818d5\COMCTL32.dll
0x00007ffa0df10000 - 0x00007ffa0df3c000 	C:\Windows\System32\GDI32.dll
0x00007ffa0ca20000 - 0x00007ffa0cb3a000 	C:\Windows\System32\gdi32full.dll
0x00007ffa0cd70000 - 0x00007ffa0ce0d000 	C:\Windows\System32\msvcp_win.dll
0x00007ffa06ce0000 - 0x00007ffa06cea000 	C:\Windows\SYSTEM32\VERSION.dll
0x00007ffa0ef60000 - 0x00007ffa0ef90000 	C:\Windows\System32\IMM32.DLL
0x00007ffa03f50000 - 0x00007ffa03f5c000 	C:\Program Files\Java\jdk-17.0.5\bin\vcruntime140_1.dll
0x00007ff9c1440000 - 0x00007ff9c14cd000 	C:\Program Files\Java\jdk-17.0.5\bin\msvcp140.dll
0x00007ff9a75c0000 - 0x00007ff9a8182000 	C:\Program Files\Java\jdk-17.0.5\bin\server\jvm.dll
0x00007ffa0ee00000 - 0x00007ffa0ee08000 	C:\Windows\System32\PSAPI.DLL
0x00007ff9e27b0000 - 0x00007ff9e27d7000 	C:\Windows\SYSTEM32\WINMM.dll
0x00007ff9f3bb0000 - 0x00007ff9f3bb9000 	C:\Windows\SYSTEM32\WSOCK32.dll
0x00007ffa0dea0000 - 0x00007ffa0df0b000 	C:\Windows\System32\WS2_32.dll
0x00007ffa0b240000 - 0x00007ffa0b252000 	C:\Windows\SYSTEM32\kernel.appcore.dll
0x00007ffa06f10000 - 0x00007ffa06f1a000 	C:\Program Files\Java\jdk-17.0.5\bin\jimage.dll
0x00007ffa0a790000 - 0x00007ffa0a974000 	C:\Windows\SYSTEM32\DBGHELP.DLL
0x00007ffa03360000 - 0x00007ffa03394000 	C:\Windows\SYSTEM32\dbgcore.DLL
0x00007ffa0cbb0000 - 0x00007ffa0cc32000 	C:\Windows\System32\bcryptPrimitives.dll
0x00007ff9e3000000 - 0x00007ff9e3025000 	C:\Program Files\Java\jdk-17.0.5\bin\java.dll
0x00007ff9b9f70000 - 0x00007ff9ba046000 	C:\Program Files\Java\jdk-17.0.5\bin\jsvml.dll
0x00007ffa0dfa0000 - 0x00007ffa0e6e5000 	C:\Windows\System32\SHELL32.dll
0x00007ffa0aa90000 - 0x00007ffa0b22b000 	C:\Windows\SYSTEM32\windows.storage.dll
0x00007ffa0d8e0000 - 0x00007ffa0dc34000 	C:\Windows\System32\combase.dll
0x00007ffa0c430000 - 0x00007ffa0c45d000 	C:\Windows\SYSTEM32\Wldp.dll
0x00007ffa0d640000 - 0x00007ffa0d6ed000 	C:\Windows\System32\SHCORE.dll
0x00007ffa0d490000 - 0x00007ffa0d4e5000 	C:\Windows\System32\shlwapi.dll
0x00007ffa0c920000 - 0x00007ffa0c945000 	C:\Windows\SYSTEM32\profapi.dll
0x00007ff9b74a0000 - 0x00007ff9b762f000 	C:\Program Files\Java\jdk-17.0.5\bin\awt.dll
0x00007ffa0d810000 - 0x00007ffa0d8dd000 	C:\Windows\System32\OLEAUT32.dll
0x00007ffa09f30000 - 0x00007ffa09fc0000 	C:\Windows\SYSTEM32\apphelp.dll

dbghelp: loaded successfully - version: 4.0.5 - missing functions: none
symbol engine: initialized successfully - sym options: 0x614 - pdb path: .;C:\Program Files\Java\jdk-17.0.5\bin;C:\Windows\SYSTEM32;C:\Windows\WinSxS\amd64_microsoft.windows.common-controls_6595b64144ccf1df_6.0.19041.3636_none_60b6a03d71f818d5;C:\Program Files\Java\jdk-17.0.5\bin\server

VM Arguments:
jvm_args: -Dfile.encoding=UTF-8 -XX:+ShowCodeDetailsInExceptionMessages 
java_command: project_IHM.Passager
java_class_path (initial): C:\Users\nadjib\eclipse-workspace\project_IHM\bin
Launcher Type: SUN_STANDARD

[Global flags]
     intx CICompilerCount                          = 4                                         {product} {ergonomic}
     uint ConcGCThreads                            = 2                                         {product} {ergonomic}
     uint G1ConcRefinementThreads                  = 8                                         {product} {ergonomic}
   size_t G1HeapRegionSize                         = 1048576                                   {product} {ergonomic}
    uintx GCDrainStackTargetSize                   = 64                                        {product} {ergonomic}
   size_t InitialHeapSize                          = 130023424                                 {product} {ergonomic}
   size_t MarkStackSize                            = 4194304                                   {product} {ergonomic}
   size_t MaxHeapSize                              = 2080374784                                {product} {ergonomic}
   size_t MaxNewSize                               = 1247805440                                {product} {ergonomic}
   size_t MinHeapDeltaBytes                        = 1048576                                   {product} {ergonomic}
   size_t MinHeapSize                              = 8388608                                   {product} {ergonomic}
    uintx NonNMethodCodeHeapSize                   = 5839372                                {pd product} {ergonomic}
    uintx NonProfiledCodeHeapSize                  = 122909434                              {pd product} {ergonomic}
    uintx ProfiledCodeHeapSize                     = 122909434                              {pd product} {ergonomic}
    uintx ReservedCodeCacheSize                    = 251658240                              {pd product} {ergonomic}
     bool SegmentedCodeCache                       = true                                      {product} {ergonomic}
     bool ShowCodeDetailsInExceptionMessages       = true                                   {manageable} {command line}
   size_t SoftMaxHeapSize                          = 2080374784                             {manageable} {ergonomic}
     bool UseCompressedClassPointers               = true                           {product lp64_product} {ergonomic}
     bool UseCompressedOops                        = true                           {product lp64_product} {ergonomic}
     bool UseG1GC                                  = true                                      {product} {ergonomic}
     bool UseLargePagesIndividualAllocation        = false                                  {pd product} {ergonomic}

Logging:
Log output configuration:
 #0: stdout all=warning uptime,level,tags
 #1: stderr all=off uptime,level,tags

Environment Variables:
PATH=C:/Program Files/Java/jdk-17.0.5/bin/server;C:/Program Files/Java/jdk-17.0.5/bin;C:\app\nadjib\product\18.0.0\dbhomeXE\bin;C:\Program Files\Common Files\Oracle\Java\javapath;C:\Program Files (x86)\Common Files\Intel\Shared Libraries\redist\intel64\compiler;C:\Windows\system32;C:\Windows;C:\Windows\System32\Wbem;C:\Windows\System32\WindowsPowerShell\v1.0\;C:\Windows\System32\OpenSSH\;C:\Program Files\dotnet\;C:\Program Files\swipl\bin;C:\laragon\bin;C:\laragon\bin\apache\httpd-2.4.54-win64-VS16\bin;C:\laragon\bin\composer;C:\laragon\bin\git\bin;C:\laragon\bin\git\cmd;C:\laragon\bin\git\mingw64\bin;C:\laragon\bin\git\usr\bin;C:\laragon\bin\laragon\utils;C:\laragon\bin\mysql\mysql-8.0.30-winx64\bin;C:\laragon\bin\nginx\nginx-1.22.0;C:\laragon\bin\ngrok;C:\laragon\bin\nodejs\node-v18;C:\laragon\bin\notepad++;C:\laragon\bin\php\php-8.1.10-Win32-vs16-x64;C:\laragon\bin\python\python-3.10;C:\laragon\bin\python\python-3.10\Scripts;C:\laragon\bin\redis\redis-x64-5.0.14.1;C:\laragon\bin\telnet;C:\laragon\usr\bin;C:\Users\nadjib\AppData\Local\Yarn\config\global\node_modules\.bin;C:\Users\nadjib\AppData\Roaming\Composer\vendor\bin;C:\Users\nadjib\AppData\Roaming\npm;C:\Users\nadjib\AppData\Local\Microsoft\WindowsApps;C:\Users\nadjib\AppData\Local\Programs\Microsoft VS Code\bin;;C:\Users\nadjib\Desktop;
USERNAME=nadjib
OS=Windows_NT
PROCESSOR_IDENTIFIER=Intel64 Family 6 Model 140 Stepping 2, GenuineIntel



---------------  S Y S T E M  ---------------

OS:
 Windows 10 , 64 bit Build 19041 (10.0.19041.3636)
OS uptime: 6 days 23:40 hours

CPU: total 8 (initial active 8) (4 cores per cpu, 2 threads per core) family 6 model 140 stepping 2 microcode 0x16, cx8, cmov, fxsr, ht, mmx, 3dnowpref, sse, sse2, sse3, ssse3, sse4.1, sse4.2, popcnt, lzcnt, tsc, tscinvbit, avx, avx2, aes, erms, clmul, bmi1, bmi2, adx, avx512f, avx512dq, avx512cd, avx512bw, avx512vl, sha, fma, vzeroupper, avx512_vpopcntdq, avx512_vpclmulqdq, avx512_vaes, avx512_vnni, clflush, clflushopt, clwb, avx512_vbmi2, avx512_vbmi

Memory: 4k page, system-wide physical 7930M (845M free)
TotalPageFile size 32506M (AvailPageFile size 2M)
current process WorkingSet (physical memory assigned to process): 34M, peak: 34M
current process commit charge ("private bytes"): 204M, peak: 204M

vm_info: Java HotSpot(TM) 64-Bit Server VM (17.0.5+9-LTS-191) for windows-amd64 JRE (17.0.5+9-LTS-191), built on Sep 13 2022 17:31:43 by "mach5one" with MS VC++ 16.8 / 16.9 (VS2019)

END.
